<?xml version="1.0" encoding="UTF-8"?>
<testng-results ignored="0" total="1" passed="1" failed="0" skipped="0">
  <reporter-output>
  </reporter-output>
  <suite started-at="2021-06-29T07:28:23Z" name="Default suite" finished-at="2021-06-29T07:32:19Z" duration-ms="236090">
    <groups>
    </groups>
    <test started-at="2021-06-29T07:28:23Z" name="Default test" finished-at="2021-06-29T07:32:19Z" duration-ms="236090">
      <class name="cleartrip.flightbooking.tc.TC_itinerary">
        <test-method signature="itenearyactions()[pri:0, instance:cleartrip.flightbooking.tc.TC_itinerary@68f4865]" started-at="2021-06-29T07:28:23Z" name="itenearyactions" finished-at="2021-06-29T07:32:19Z" duration-ms="236036" status="PASS">
          <reporter-output>
          </reporter-output>
        </test-method> <!-- itenearyactions -->
      </class> <!-- cleartrip.flightbooking.tc.TC_itinerary -->
    </test> <!-- Default test -->
  </suite> <!-- Default suite -->
</testng-results>
